<?xml version="1.0" encoding="UTF-8"?>
<!-- Generated by org.testng.reporters.JUnitReportReporter -->
<testsuite hostname="IN-banusafe-2" failures="0" tests="3" name="com.qa.Rest.demo.CreateBitlinktest" time="3.196" errors="0" timestamp="2021-07-22T21:50:21 IST" skipped="0">
  <testcase classname="com.qa.Rest.demo.CreateBitlinktest" name="createNewBitlink" time="2.385"/>
  <system-out/>
  <testcase classname="com.qa.Rest.demo.CreateBitlinktest" name="testStatusCodes" time="0.453"/>
  <system-out/>
  <testcase classname="com.qa.Rest.demo.CreateBitlinktest" name="blankPayload" time="0.358"/>
  <system-out/>
</testsuite> <!-- com.qa.Rest.demo.CreateBitlinktest -->
