<?xml version="1.0" encoding="UTF-8"?>
<!-- Generated by org.testng.reporters.JUnitReportReporter -->
<testsuite hostname="IN-banusafe-2" failures="0" tests="1" name="com.qa.Rest.demo.ShortenLink" time="2.386" errors="0" timestamp="2021-07-22T15:53:56 IST" skipped="0">
  <testcase classname="com.qa.Rest.demo.ShortenLink" name="postShortenLink" time="2.386"/>
  <system-out/>
</testsuite> <!-- com.qa.Rest.demo.ShortenLink -->
