<?xml version="1.0" encoding="UTF-8"?>
<!-- Generated by org.testng.reporters.JUnitReportReporter -->
<testsuite hostname="IN-banusafe-2" failures="0" tests="1" name="com.qa.Rest.demo.ExpandBitlinkTest" time="2.194" errors="0" timestamp="2021-07-22T18:37:54 IST" skipped="0">
  <testcase classname="com.qa.Rest.demo.ExpandBitlinkTest" name="ExpandLink" time="2.194"/>
  <system-out/>
</testsuite> <!-- com.qa.Rest.demo.ExpandBitlinkTest -->
