<?xml version="1.0" encoding="UTF-8"?>
<!-- Generated by org.testng.reporters.JUnitReportReporter -->
<testsuite hostname="IN-banusafe-2" failures="0" tests="1" name="com.qa.Rest.demo.ExpandBitlinkTest" time="3.838" errors="0" timestamp="2021-07-22T21:13:05 IST" skipped="0">
  <testcase classname="com.qa.Rest.demo.ExpandBitlinkTest" name="ExpandLink" time="3.838"/>
  <system-out/>
</testsuite> <!-- com.qa.Rest.demo.ExpandBitlinkTest -->
